2023-02-22 10:23:18.632  INFO 71260 --- [restartedMain] com.pws.employee.EmployeeApplication     : Starting EmployeeApplication using Java 19.0.1 on DESKTOP-NS565E7 with PID 71260 (C:\Users\Chandu\Desktop\Spring_pacewisdom projects\employee_Service-Chandan\target\classes started by Chandu in C:\Users\Chandu\Desktop\Spring_pacewisdom projects\employee_Service-Chandan)
2023-02-22 10:23:18.666  INFO 71260 --- [restartedMain] com.pws.employee.EmployeeApplication     : No active profile set, falling back to default profiles: default
2023-02-22 10:23:18.724  INFO 71260 --- [restartedMain] .e.DevToolsPropertyDefaultsPostProcessor : Devtools property defaults active! Set 'spring.devtools.add-properties' to 'false' to disable
2023-02-22 10:23:18.724  INFO 71260 --- [restartedMain] .e.DevToolsPropertyDefaultsPostProcessor : For additional web related logging consider setting the 'logging.level.web' property to 'DEBUG'
2023-02-22 10:23:20.282  INFO 71260 --- [restartedMain] .s.d.r.c.RepositoryConfigurationDelegate : Multiple Spring Data modules found, entering strict repository configuration mode!
2023-02-22 10:23:20.284  INFO 71260 --- [restartedMain] .s.d.r.c.RepositoryConfigurationDelegate : Bootstrapping Spring Data JPA repositories in DEFAULT mode.
2023-02-22 10:23:20.519  INFO 71260 --- [restartedMain] .s.d.r.c.RepositoryConfigurationDelegate : Finished Spring Data repository scanning in 223 ms. Found 7 JPA repository interfaces.
2023-02-22 10:23:20.538  INFO 71260 --- [restartedMain] .s.d.r.c.RepositoryConfigurationDelegate : Multiple Spring Data modules found, entering strict repository configuration mode!
2023-02-22 10:23:20.539  INFO 71260 --- [restartedMain] .s.d.r.c.RepositoryConfigurationDelegate : Bootstrapping Spring Data Redis repositories in DEFAULT mode.
2023-02-22 10:23:20.564  INFO 71260 --- [restartedMain] .RepositoryConfigurationExtensionSupport : Spring Data Redis - Could not safely identify store assignment for repository candidate interface com.pws.employee.repository.ModuleRepository. If you want this repository to be a Redis repository, consider annotating your entities with one of these annotations: org.springframework.data.redis.core.RedisHash (preferred), or consider extending one of the following types with your repository: org.springframework.data.keyvalue.repository.KeyValueRepository.
2023-02-22 10:23:20.565  INFO 71260 --- [restartedMain] .RepositoryConfigurationExtensionSupport : Spring Data Redis - Could not safely identify store assignment for repository candidate interface com.pws.employee.repository.PermissionRepository. If you want this repository to be a Redis repository, consider annotating your entities with one of these annotations: org.springframework.data.redis.core.RedisHash (preferred), or consider extending one of the following types with your repository: org.springframework.data.keyvalue.repository.KeyValueRepository.
2023-02-22 10:23:20.567  INFO 71260 --- [restartedMain] .RepositoryConfigurationExtensionSupport : Spring Data Redis - Could not safely identify store assignment for repository candidate interface com.pws.employee.repository.RoleRepository. If you want this repository to be a Redis repository, consider annotating your entities with one of these annotations: org.springframework.data.redis.core.RedisHash (preferred), or consider extending one of the following types with your repository: org.springframework.data.keyvalue.repository.KeyValueRepository.
2023-02-22 10:23:20.568  INFO 71260 --- [restartedMain] .RepositoryConfigurationExtensionSupport : Spring Data Redis - Could not safely identify store assignment for repository candidate interface com.pws.employee.repository.SkillRepository. If you want this repository to be a Redis repository, consider annotating your entities with one of these annotations: org.springframework.data.redis.core.RedisHash (preferred), or consider extending one of the following types with your repository: org.springframework.data.keyvalue.repository.KeyValueRepository.
2023-02-22 10:23:20.570  INFO 71260 --- [restartedMain] .RepositoryConfigurationExtensionSupport : Spring Data Redis - Could not safely identify store assignment for repository candidate interface com.pws.employee.repository.UserRepository. If you want this repository to be a Redis repository, consider annotating your entities with one of these annotations: org.springframework.data.redis.core.RedisHash (preferred), or consider extending one of the following types with your repository: org.springframework.data.keyvalue.repository.KeyValueRepository.
2023-02-22 10:23:20.571  INFO 71260 --- [restartedMain] .RepositoryConfigurationExtensionSupport : Spring Data Redis - Could not safely identify store assignment for repository candidate interface com.pws.employee.repository.UserRoleXrefRepository. If you want this repository to be a Redis repository, consider annotating your entities with one of these annotations: org.springframework.data.redis.core.RedisHash (preferred), or consider extending one of the following types with your repository: org.springframework.data.keyvalue.repository.KeyValueRepository.
2023-02-22 10:23:20.573  INFO 71260 --- [restartedMain] .RepositoryConfigurationExtensionSupport : Spring Data Redis - Could not safely identify store assignment for repository candidate interface com.pws.employee.repository.UserSkillXrefRepository. If you want this repository to be a Redis repository, consider annotating your entities with one of these annotations: org.springframework.data.redis.core.RedisHash (preferred), or consider extending one of the following types with your repository: org.springframework.data.keyvalue.repository.KeyValueRepository.
2023-02-22 10:23:20.573  INFO 71260 --- [restartedMain] .s.d.r.c.RepositoryConfigurationDelegate : Finished Spring Data repository scanning in 20 ms. Found 0 Redis repository interfaces.
2023-02-22 10:23:21.048  INFO 71260 --- [restartedMain] o.s.cloud.context.scope.GenericScope     : BeanFactory id=ceebbcf4-5df9-3bd8-ba08-e627ae5f5e4b
2023-02-22 10:23:21.260  INFO 71260 --- [restartedMain] trationDelegate$BeanPostProcessorChecker : Bean 'org.springframework.cloud.client.loadbalancer.reactive.LoadBalancerBeanPostProcessorAutoConfiguration' of type [org.springframework.cloud.client.loadbalancer.reactive.LoadBalancerBeanPostProcessorAutoConfiguration] is not eligible for getting processed by all BeanPostProcessors (for example: not eligible for auto-proxying)
2023-02-22 10:23:21.262  INFO 71260 --- [restartedMain] trationDelegate$BeanPostProcessorChecker : Bean 'org.springframework.cloud.client.loadbalancer.reactive.LoadBalancerBeanPostProcessorAutoConfiguration$ReactorDeferringLoadBalancerFilterConfig' of type [org.springframework.cloud.client.loadbalancer.reactive.LoadBalancerBeanPostProcessorAutoConfiguration$ReactorDeferringLoadBalancerFilterConfig] is not eligible for getting processed by all BeanPostProcessors (for example: not eligible for auto-proxying)
2023-02-22 10:23:21.265  INFO 71260 --- [restartedMain] trationDelegate$BeanPostProcessorChecker : Bean 'reactorDeferringLoadBalancerExchangeFilterFunction' of type [org.springframework.cloud.client.loadbalancer.reactive.DeferringLoadBalancerExchangeFilterFunction] is not eligible for getting processed by all BeanPostProcessors (for example: not eligible for auto-proxying)
2023-02-22 10:23:21.763  INFO 71260 --- [restartedMain] o.s.b.w.embedded.tomcat.TomcatWebServer  : Tomcat initialized with port(s): 8091 (http)
2023-02-22 10:23:21.774  INFO 71260 --- [restartedMain] o.apache.catalina.core.StandardService   : Starting service [Tomcat]
2023-02-22 10:23:21.774  INFO 71260 --- [restartedMain] org.apache.catalina.core.StandardEngine  : Starting Servlet engine: [Apache Tomcat/9.0.56]
2023-02-22 10:23:21.913  INFO 71260 --- [restartedMain] o.a.c.c.C.[Tomcat].[localhost].[/]       : Initializing Spring embedded WebApplicationContext
2023-02-22 10:23:21.913  INFO 71260 --- [restartedMain] w.s.c.ServletWebServerApplicationContext : Root WebApplicationContext: initialization completed in 3188 ms
2023-02-22 10:23:22.125  INFO 71260 --- [restartedMain] o.hibernate.jpa.internal.util.LogHelper  : HHH000204: Processing PersistenceUnitInfo [name: default]
2023-02-22 10:23:22.192  INFO 71260 --- [restartedMain] org.hibernate.Version                    : HHH000412: Hibernate ORM core version 5.6.3.Final
2023-02-22 10:23:22.381  INFO 71260 --- [restartedMain] o.hibernate.annotations.common.Version   : HCANN000001: Hibernate Commons Annotations {5.1.2.Final}
2023-02-22 10:23:22.504  INFO 71260 --- [restartedMain] com.zaxxer.hikari.HikariDataSource       : HikariPool-1 - Starting...
2023-02-22 10:23:23.144  INFO 71260 --- [restartedMain] com.zaxxer.hikari.HikariDataSource       : HikariPool-1 - Start completed.
2023-02-22 10:23:23.163  INFO 71260 --- [restartedMain] org.hibernate.dialect.Dialect            : HHH000400: Using dialect: org.hibernate.dialect.MySQL5Dialect
2023-02-22 10:23:27.168  INFO 71260 --- [restartedMain] o.h.e.t.j.p.i.JtaPlatformInitiator       : HHH000490: Using JtaPlatform implementation: [org.hibernate.engine.transaction.jta.platform.internal.NoJtaPlatform]
2023-02-22 10:23:27.180  INFO 71260 --- [restartedMain] j.LocalContainerEntityManagerFactoryBean : Initialized JPA EntityManagerFactory for persistence unit 'default'
2023-02-22 10:23:27.845  WARN 71260 --- [restartedMain] JpaBaseConfiguration$JpaWebConfiguration : spring.jpa.open-in-view is enabled by default. Therefore, database queries may be performed during view rendering. Explicitly configure spring.jpa.open-in-view to disable this warning
2023-02-22 10:23:29.170  INFO 71260 --- [restartedMain] o.s.cloud.commons.util.InetUtils         : Cannot determine local hostname
2023-02-22 10:23:29.336  INFO 71260 --- [restartedMain] o.s.s.web.DefaultSecurityFilterChain     : Will secure any request with [org.springframework.security.web.context.request.async.WebAsyncManagerIntegrationFilter@18c3c7fb, org.springframework.security.web.context.SecurityContextPersistenceFilter@1ad1a3e7, org.springframework.security.web.header.HeaderWriterFilter@61ec1dac, org.springframework.security.web.authentication.logout.LogoutFilter@3e1c8471, com.pws.employee.security.jwt.config.JwtFilter@5f2ceb3c, org.springframework.security.web.savedrequest.RequestCacheAwareFilter@6703e8d7, org.springframework.security.web.servletapi.SecurityContextHolderAwareRequestFilter@6974134b, org.springframework.security.web.authentication.AnonymousAuthenticationFilter@4a365807, org.springframework.security.web.session.SessionManagementFilter@12e508f7, org.springframework.security.web.access.ExceptionTranslationFilter@51c010bc, org.springframework.security.web.access.intercept.FilterSecurityInterceptor@3ce71ce]
2023-02-22 10:23:32.168  WARN 71260 --- [restartedMain] o.s.b.d.a.OptionalLiveReloadServer       : Unable to start LiveReload server
2023-02-22 10:23:32.178  INFO 71260 --- [restartedMain] DiscoveryClientOptionalArgsConfiguration : Eureka HTTP Client uses RestTemplate.
2023-02-22 10:23:33.285  INFO 71260 --- [restartedMain] o.s.cloud.commons.util.InetUtils         : Cannot determine local hostname
2023-02-22 10:23:34.375  INFO 71260 --- [restartedMain] o.s.cloud.commons.util.InetUtils         : Cannot determine local hostname
2023-02-22 10:23:34.433  WARN 71260 --- [restartedMain] iguration$LoadBalancerCaffeineWarnLogger : Spring Cloud LoadBalancer is currently working with the default cache. You can switch to using Caffeine cache, by adding it and org.springframework.cache.caffeine.CaffeineCacheManager to the classpath.
2023-02-22 10:23:34.457  INFO 71260 --- [restartedMain] o.s.c.n.eureka.InstanceInfoFactory       : Setting initial instance status as: STARTING
2023-02-22 10:23:34.577  INFO 71260 --- [restartedMain] com.netflix.discovery.DiscoveryClient    : Initializing Eureka in region us-east-1
2023-02-22 10:23:34.586  INFO 71260 --- [restartedMain] c.n.d.s.r.aws.ConfigClusterResolver      : Resolving eureka endpoints via configuration
2023-02-22 10:23:34.631  INFO 71260 --- [restartedMain] com.netflix.discovery.DiscoveryClient    : Disable delta property : false
2023-02-22 10:23:34.631  INFO 71260 --- [restartedMain] com.netflix.discovery.DiscoveryClient    : Single vip registry refresh property : null
2023-02-22 10:23:34.632  INFO 71260 --- [restartedMain] com.netflix.discovery.DiscoveryClient    : Force full registry fetch : false
2023-02-22 10:23:34.632  INFO 71260 --- [restartedMain] com.netflix.discovery.DiscoveryClient    : Application is null : false
2023-02-22 10:23:34.632  INFO 71260 --- [restartedMain] com.netflix.discovery.DiscoveryClient    : Registered Applications size is zero : true
2023-02-22 10:23:34.632  INFO 71260 --- [restartedMain] com.netflix.discovery.DiscoveryClient    : Application version is -1: true
2023-02-22 10:23:34.632  INFO 71260 --- [restartedMain] com.netflix.discovery.DiscoveryClient    : Getting all instance registry info from the eureka server
2023-02-22 10:23:35.064  INFO 71260 --- [restartedMain] com.netflix.discovery.DiscoveryClient    : The response status is 200
2023-02-22 10:23:35.068  INFO 71260 --- [restartedMain] com.netflix.discovery.DiscoveryClient    : Starting heartbeat executor: renew interval is: 30
2023-02-22 10:23:35.070  INFO 71260 --- [restartedMain] c.n.discovery.InstanceInfoReplicator     : InstanceInfoReplicator onDemand update allowed rate per min is 4
2023-02-22 10:23:35.077  INFO 71260 --- [restartedMain] com.netflix.discovery.DiscoveryClient    : Discovery Client initialized at timestamp 1677041615075 with initial instances count: 1
2023-02-22 10:23:35.079  INFO 71260 --- [restartedMain] o.s.c.n.e.s.EurekaServiceRegistry        : Registering application EMPLOYEE-SERVICE with eureka with status UP
2023-02-22 10:23:35.080  INFO 71260 --- [restartedMain] com.netflix.discovery.DiscoveryClient    : Saw local status change event StatusChangeEvent [timestamp=1677041615080, current=UP, previous=STARTING]
2023-02-22 10:23:35.081  INFO 71260 --- [DiscoveryClient-InstanceInfoReplicator-0] com.netflix.discovery.DiscoveryClient    : DiscoveryClient_EMPLOYEE-SERVICE/localhost:Employee-service:8091: registering service...
2023-02-22 10:23:35.123  INFO 71260 --- [restartedMain] o.s.b.w.embedded.tomcat.TomcatWebServer  : Tomcat started on port(s): 8091 (http) with context path ''
2023-02-22 10:23:35.123  INFO 71260 --- [restartedMain] .s.c.n.e.s.EurekaAutoServiceRegistration : Updating port to 8091
2023-02-22 10:23:35.141  INFO 71260 --- [DiscoveryClient-InstanceInfoReplicator-0] com.netflix.discovery.DiscoveryClient    : DiscoveryClient_EMPLOYEE-SERVICE/localhost:Employee-service:8091 - registration status: 204
2023-02-22 10:23:36.206  INFO 71260 --- [restartedMain] o.s.cloud.commons.util.InetUtils         : Cannot determine local hostname
2023-02-22 10:23:37.275  INFO 71260 --- [restartedMain] o.s.cloud.commons.util.InetUtils         : Cannot determine local hostname
2023-02-22 10:23:37.290  INFO 71260 --- [restartedMain] com.pws.employee.EmployeeApplication     : Started EmployeeApplication in 20.44 seconds (JVM running for 21.462)
2023-02-22 10:24:31.612  INFO 71260 --- [SpringApplicationShutdownHook] o.s.c.n.e.s.EurekaServiceRegistry        : Unregistering application EMPLOYEE-SERVICE with eureka with status DOWN
2023-02-22 10:24:31.613  INFO 71260 --- [SpringApplicationShutdownHook] com.netflix.discovery.DiscoveryClient    : Saw local status change event StatusChangeEvent [timestamp=1677041671613, current=DOWN, previous=UP]
2023-02-22 10:24:31.613  INFO 71260 --- [DiscoveryClient-InstanceInfoReplicator-0] com.netflix.discovery.DiscoveryClient    : DiscoveryClient_EMPLOYEE-SERVICE/localhost:Employee-service:8091: registering service...
2023-02-22 10:24:31.619  INFO 71260 --- [DiscoveryClient-InstanceInfoReplicator-0] com.netflix.discovery.DiscoveryClient    : DiscoveryClient_EMPLOYEE-SERVICE/localhost:Employee-service:8091 - registration status: 204
2023-02-22 10:24:31.650  INFO 71260 --- [SpringApplicationShutdownHook] j.LocalContainerEntityManagerFactoryBean : Closing JPA EntityManagerFactory for persistence unit 'default'
2023-02-22 10:24:31.653  INFO 71260 --- [SpringApplicationShutdownHook] com.zaxxer.hikari.HikariDataSource       : HikariPool-1 - Shutdown initiated...
2023-02-22 10:24:31.735  INFO 71260 --- [SpringApplicationShutdownHook] com.zaxxer.hikari.HikariDataSource       : HikariPool-1 - Shutdown completed.
2023-02-22 10:24:31.735  INFO 71260 --- [SpringApplicationShutdownHook] com.netflix.discovery.DiscoveryClient    : Shutting down DiscoveryClient ...
2023-02-22 10:24:34.752  INFO 71260 --- [SpringApplicationShutdownHook] com.netflix.discovery.DiscoveryClient    : Unregistering ...
2023-02-22 10:24:34.760  INFO 71260 --- [SpringApplicationShutdownHook] com.netflix.discovery.DiscoveryClient    : DiscoveryClient_EMPLOYEE-SERVICE/localhost:Employee-service:8091 - deregister  status: 200
2023-02-22 10:24:34.764  INFO 71260 --- [SpringApplicationShutdownHook] com.netflix.discovery.DiscoveryClient    : Completed shut down of DiscoveryClient
2023-02-22 10:24:42.504  INFO 68604 --- [restartedMain] com.pws.employee.EmployeeApplication     : Starting EmployeeApplication using Java 19.0.1 on DESKTOP-NS565E7 with PID 68604 (C:\Users\Chandu\Desktop\Spring_pacewisdom projects\employee_Service-Chandan\target\classes started by Chandu in C:\Users\Chandu\Desktop\Spring_pacewisdom projects\employee_Service-Chandan)
2023-02-22 10:24:42.506  INFO 68604 --- [restartedMain] com.pws.employee.EmployeeApplication     : No active profile set, falling back to default profiles: default
2023-02-22 10:24:42.573  INFO 68604 --- [restartedMain] .e.DevToolsPropertyDefaultsPostProcessor : Devtools property defaults active! Set 'spring.devtools.add-properties' to 'false' to disable
2023-02-22 10:24:42.573  INFO 68604 --- [restartedMain] .e.DevToolsPropertyDefaultsPostProcessor : For additional web related logging consider setting the 'logging.level.web' property to 'DEBUG'
2023-02-22 10:24:43.764  INFO 68604 --- [restartedMain] .s.d.r.c.RepositoryConfigurationDelegate : Multiple Spring Data modules found, entering strict repository configuration mode!
2023-02-22 10:24:43.767  INFO 68604 --- [restartedMain] .s.d.r.c.RepositoryConfigurationDelegate : Bootstrapping Spring Data JPA repositories in DEFAULT mode.
2023-02-22 10:24:43.963  INFO 68604 --- [restartedMain] .s.d.r.c.RepositoryConfigurationDelegate : Finished Spring Data repository scanning in 185 ms. Found 7 JPA repository interfaces.
2023-02-22 10:24:43.991  INFO 68604 --- [restartedMain] .s.d.r.c.RepositoryConfigurationDelegate : Multiple Spring Data modules found, entering strict repository configuration mode!
2023-02-22 10:24:43.994  INFO 68604 --- [restartedMain] .s.d.r.c.RepositoryConfigurationDelegate : Bootstrapping Spring Data Redis repositories in DEFAULT mode.
2023-02-22 10:24:44.021  INFO 68604 --- [restartedMain] .RepositoryConfigurationExtensionSupport : Spring Data Redis - Could not safely identify store assignment for repository candidate interface com.pws.employee.repository.ModuleRepository. If you want this repository to be a Redis repository, consider annotating your entities with one of these annotations: org.springframework.data.redis.core.RedisHash (preferred), or consider extending one of the following types with your repository: org.springframework.data.keyvalue.repository.KeyValueRepository.
2023-02-22 10:24:44.022  INFO 68604 --- [restartedMain] .RepositoryConfigurationExtensionSupport : Spring Data Redis - Could not safely identify store assignment for repository candidate interface com.pws.employee.repository.PermissionRepository. If you want this repository to be a Redis repository, consider annotating your entities with one of these annotations: org.springframework.data.redis.core.RedisHash (preferred), or consider extending one of the following types with your repository: org.springframework.data.keyvalue.repository.KeyValueRepository.
2023-02-22 10:24:44.024  INFO 68604 --- [restartedMain] .RepositoryConfigurationExtensionSupport : Spring Data Redis - Could not safely identify store assignment for repository candidate interface com.pws.employee.repository.RoleRepository. If you want this repository to be a Redis repository, consider annotating your entities with one of these annotations: org.springframework.data.redis.core.RedisHash (preferred), or consider extending one of the following types with your repository: org.springframework.data.keyvalue.repository.KeyValueRepository.
2023-02-22 10:24:44.025  INFO 68604 --- [restartedMain] .RepositoryConfigurationExtensionSupport : Spring Data Redis - Could not safely identify store assignment for repository candidate interface com.pws.employee.repository.SkillRepository. If you want this repository to be a Redis repository, consider annotating your entities with one of these annotations: org.springframework.data.redis.core.RedisHash (preferred), or consider extending one of the following types with your repository: org.springframework.data.keyvalue.repository.KeyValueRepository.
2023-02-22 10:24:44.026  INFO 68604 --- [restartedMain] .RepositoryConfigurationExtensionSupport : Spring Data Redis - Could not safely identify store assignment for repository candidate interface com.pws.employee.repository.UserRepository. If you want this repository to be a Redis repository, consider annotating your entities with one of these annotations: org.springframework.data.redis.core.RedisHash (preferred), or consider extending one of the following types with your repository: org.springframework.data.keyvalue.repository.KeyValueRepository.
2023-02-22 10:24:44.027  INFO 68604 --- [restartedMain] .RepositoryConfigurationExtensionSupport : Spring Data Redis - Could not safely identify store assignment for repository candidate interface com.pws.employee.repository.UserRoleXrefRepository. If you want this repository to be a Redis repository, consider annotating your entities with one of these annotations: org.springframework.data.redis.core.RedisHash (preferred), or consider extending one of the following types with your repository: org.springframework.data.keyvalue.repository.KeyValueRepository.
2023-02-22 10:24:44.028  INFO 68604 --- [restartedMain] .RepositoryConfigurationExtensionSupport : Spring Data Redis - Could not safely identify store assignment for repository candidate interface com.pws.employee.repository.UserSkillXrefRepository. If you want this repository to be a Redis repository, consider annotating your entities with one of these annotations: org.springframework.data.redis.core.RedisHash (preferred), or consider extending one of the following types with your repository: org.springframework.data.keyvalue.repository.KeyValueRepository.
2023-02-22 10:24:44.028  INFO 68604 --- [restartedMain] .s.d.r.c.RepositoryConfigurationDelegate : Finished Spring Data repository scanning in 18 ms. Found 0 Redis repository interfaces.
2023-02-22 10:24:44.488  INFO 68604 --- [restartedMain] o.s.cloud.context.scope.GenericScope     : BeanFactory id=ceebbcf4-5df9-3bd8-ba08-e627ae5f5e4b
2023-02-22 10:24:44.838  INFO 68604 --- [restartedMain] trationDelegate$BeanPostProcessorChecker : Bean 'org.springframework.cloud.client.loadbalancer.reactive.LoadBalancerBeanPostProcessorAutoConfiguration' of type [org.springframework.cloud.client.loadbalancer.reactive.LoadBalancerBeanPostProcessorAutoConfiguration] is not eligible for getting processed by all BeanPostProcessors (for example: not eligible for auto-proxying)
2023-02-22 10:24:44.843  INFO 68604 --- [restartedMain] trationDelegate$BeanPostProcessorChecker : Bean 'org.springframework.cloud.client.loadbalancer.reactive.LoadBalancerBeanPostProcessorAutoConfiguration$ReactorDeferringLoadBalancerFilterConfig' of type [org.springframework.cloud.client.loadbalancer.reactive.LoadBalancerBeanPostProcessorAutoConfiguration$ReactorDeferringLoadBalancerFilterConfig] is not eligible for getting processed by all BeanPostProcessors (for example: not eligible for auto-proxying)
2023-02-22 10:24:44.851  INFO 68604 --- [restartedMain] trationDelegate$BeanPostProcessorChecker : Bean 'reactorDeferringLoadBalancerExchangeFilterFunction' of type [org.springframework.cloud.client.loadbalancer.reactive.DeferringLoadBalancerExchangeFilterFunction] is not eligible for getting processed by all BeanPostProcessors (for example: not eligible for auto-proxying)
2023-02-22 10:24:45.393  INFO 68604 --- [restartedMain] o.s.b.w.embedded.tomcat.TomcatWebServer  : Tomcat initialized with port(s): 8091 (http)
2023-02-22 10:24:45.405  INFO 68604 --- [restartedMain] o.apache.catalina.core.StandardService   : Starting service [Tomcat]
2023-02-22 10:24:45.405  INFO 68604 --- [restartedMain] org.apache.catalina.core.StandardEngine  : Starting Servlet engine: [Apache Tomcat/9.0.56]
2023-02-22 10:24:45.518  INFO 68604 --- [restartedMain] o.a.c.c.C.[Tomcat].[localhost].[/]       : Initializing Spring embedded WebApplicationContext
2023-02-22 10:24:45.518  INFO 68604 --- [restartedMain] w.s.c.ServletWebServerApplicationContext : Root WebApplicationContext: initialization completed in 2944 ms
2023-02-22 10:24:45.741  INFO 68604 --- [restartedMain] o.hibernate.jpa.internal.util.LogHelper  : HHH000204: Processing PersistenceUnitInfo [name: default]
2023-02-22 10:24:45.822  INFO 68604 --- [restartedMain] org.hibernate.Version                    : HHH000412: Hibernate ORM core version 5.6.3.Final
2023-02-22 10:24:46.050  INFO 68604 --- [restartedMain] o.hibernate.annotations.common.Version   : HCANN000001: Hibernate Commons Annotations {5.1.2.Final}
2023-02-22 10:24:46.180  INFO 68604 --- [restartedMain] com.zaxxer.hikari.HikariDataSource       : HikariPool-1 - Starting...
2023-02-22 10:24:46.640  INFO 68604 --- [restartedMain] com.zaxxer.hikari.HikariDataSource       : HikariPool-1 - Start completed.
2023-02-22 10:24:46.651  INFO 68604 --- [restartedMain] org.hibernate.dialect.Dialect            : HHH000400: Using dialect: org.hibernate.dialect.MySQL5Dialect
2023-02-22 10:24:50.533  INFO 68604 --- [restartedMain] o.h.e.t.j.p.i.JtaPlatformInitiator       : HHH000490: Using JtaPlatform implementation: [org.hibernate.engine.transaction.jta.platform.internal.NoJtaPlatform]
2023-02-22 10:24:50.542  INFO 68604 --- [restartedMain] j.LocalContainerEntityManagerFactoryBean : Initialized JPA EntityManagerFactory for persistence unit 'default'
2023-02-22 10:24:51.095  WARN 68604 --- [restartedMain] JpaBaseConfiguration$JpaWebConfiguration : spring.jpa.open-in-view is enabled by default. Therefore, database queries may be performed during view rendering. Explicitly configure spring.jpa.open-in-view to disable this warning
2023-02-22 10:24:52.375  INFO 68604 --- [restartedMain] o.s.cloud.commons.util.InetUtils         : Cannot determine local hostname
2023-02-22 10:24:52.530  INFO 68604 --- [restartedMain] o.s.s.web.DefaultSecurityFilterChain     : Will secure any request with [org.springframework.security.web.context.request.async.WebAsyncManagerIntegrationFilter@362ac7b4, org.springframework.security.web.context.SecurityContextPersistenceFilter@26607a68, org.springframework.security.web.header.HeaderWriterFilter@5b36d71d, org.springframework.security.web.authentication.logout.LogoutFilter@3e45ec1a, com.pws.employee.security.jwt.config.JwtFilter@58be797e, org.springframework.security.web.savedrequest.RequestCacheAwareFilter@e7019e1, org.springframework.security.web.servletapi.SecurityContextHolderAwareRequestFilter@554b1ed5, org.springframework.security.web.authentication.AnonymousAuthenticationFilter@f18b0, org.springframework.security.web.session.SessionManagementFilter@16e6856d, org.springframework.security.web.access.ExceptionTranslationFilter@362e88af, org.springframework.security.web.access.intercept.FilterSecurityInterceptor@1dcac04e]
2023-02-22 10:24:54.164  WARN 68604 --- [restartedMain] o.s.b.d.a.OptionalLiveReloadServer       : Unable to start LiveReload server
2023-02-22 10:24:54.176  INFO 68604 --- [restartedMain] DiscoveryClientOptionalArgsConfiguration : Eureka HTTP Client uses RestTemplate.
2023-02-22 10:24:55.309  INFO 68604 --- [restartedMain] o.s.cloud.commons.util.InetUtils         : Cannot determine local hostname
2023-02-22 10:24:56.399  INFO 68604 --- [restartedMain] o.s.cloud.commons.util.InetUtils         : Cannot determine local hostname
2023-02-22 10:24:56.460  WARN 68604 --- [restartedMain] iguration$LoadBalancerCaffeineWarnLogger : Spring Cloud LoadBalancer is currently working with the default cache. You can switch to using Caffeine cache, by adding it and org.springframework.cache.caffeine.CaffeineCacheManager to the classpath.
2023-02-22 10:24:56.482  INFO 68604 --- [restartedMain] o.s.c.n.eureka.InstanceInfoFactory       : Setting initial instance status as: STARTING
2023-02-22 10:24:56.572  INFO 68604 --- [restartedMain] com.netflix.discovery.DiscoveryClient    : Initializing Eureka in region us-east-1
2023-02-22 10:24:56.577  INFO 68604 --- [restartedMain] c.n.d.s.r.aws.ConfigClusterResolver      : Resolving eureka endpoints via configuration
2023-02-22 10:24:56.597  INFO 68604 --- [restartedMain] com.netflix.discovery.DiscoveryClient    : Disable delta property : false
2023-02-22 10:24:56.597  INFO 68604 --- [restartedMain] com.netflix.discovery.DiscoveryClient    : Single vip registry refresh property : null
2023-02-22 10:24:56.597  INFO 68604 --- [restartedMain] com.netflix.discovery.DiscoveryClient    : Force full registry fetch : false
2023-02-22 10:24:56.598  INFO 68604 --- [restartedMain] com.netflix.discovery.DiscoveryClient    : Application is null : false
2023-02-22 10:24:56.598  INFO 68604 --- [restartedMain] com.netflix.discovery.DiscoveryClient    : Registered Applications size is zero : true
2023-02-22 10:24:56.598  INFO 68604 --- [restartedMain] com.netflix.discovery.DiscoveryClient    : Application version is -1: true
2023-02-22 10:24:56.598  INFO 68604 --- [restartedMain] com.netflix.discovery.DiscoveryClient    : Getting all instance registry info from the eureka server
2023-02-22 10:24:56.873  INFO 68604 --- [restartedMain] com.netflix.discovery.DiscoveryClient    : The response status is 200
2023-02-22 10:24:56.875  INFO 68604 --- [restartedMain] com.netflix.discovery.DiscoveryClient    : Starting heartbeat executor: renew interval is: 30
2023-02-22 10:24:56.878  INFO 68604 --- [restartedMain] c.n.discovery.InstanceInfoReplicator     : InstanceInfoReplicator onDemand update allowed rate per min is 4
2023-02-22 10:24:56.884  INFO 68604 --- [restartedMain] com.netflix.discovery.DiscoveryClient    : Discovery Client initialized at timestamp 1677041696882 with initial instances count: 2
2023-02-22 10:24:56.886  INFO 68604 --- [restartedMain] o.s.c.n.e.s.EurekaServiceRegistry        : Registering application EMPLOYEE-SERVICE with eureka with status UP
2023-02-22 10:24:56.887  INFO 68604 --- [restartedMain] com.netflix.discovery.DiscoveryClient    : Saw local status change event StatusChangeEvent [timestamp=1677041696887, current=UP, previous=STARTING]
2023-02-22 10:24:56.889  INFO 68604 --- [DiscoveryClient-InstanceInfoReplicator-0] com.netflix.discovery.DiscoveryClient    : DiscoveryClient_EMPLOYEE-SERVICE/localhost:Employee-service:8091: registering service...
2023-02-22 10:24:56.924  INFO 68604 --- [restartedMain] o.s.b.w.embedded.tomcat.TomcatWebServer  : Tomcat started on port(s): 8091 (http) with context path ''
2023-02-22 10:24:56.925  INFO 68604 --- [restartedMain] .s.c.n.e.s.EurekaAutoServiceRegistration : Updating port to 8091
2023-02-22 10:24:56.988  INFO 68604 --- [DiscoveryClient-InstanceInfoReplicator-0] com.netflix.discovery.DiscoveryClient    : DiscoveryClient_EMPLOYEE-SERVICE/localhost:Employee-service:8091 - registration status: 204
2023-02-22 10:24:57.983  INFO 68604 --- [restartedMain] o.s.cloud.commons.util.InetUtils         : Cannot determine local hostname
2023-02-22 10:24:59.050  INFO 68604 --- [restartedMain] o.s.cloud.commons.util.InetUtils         : Cannot determine local hostname
2023-02-22 10:24:59.064  INFO 68604 --- [restartedMain] com.pws.employee.EmployeeApplication     : Started EmployeeApplication in 18.124 seconds (JVM running for 18.891)
2023-02-22 10:29:56.813  INFO 68604 --- [AsyncResolver-bootstrap-executor-0] c.n.d.s.r.aws.ConfigClusterResolver      : Resolving eureka endpoints via configuration
2023-02-22 10:34:58.613  INFO 68604 --- [AsyncResolver-bootstrap-executor-0] c.n.d.s.r.aws.ConfigClusterResolver      : Resolving eureka endpoints via configuration
2023-02-22 10:39:58.648  INFO 68604 --- [AsyncResolver-bootstrap-executor-0] c.n.d.s.r.aws.ConfigClusterResolver      : Resolving eureka endpoints via configuration
2023-02-22 10:44:58.680  INFO 68604 --- [AsyncResolver-bootstrap-executor-0] c.n.d.s.r.aws.ConfigClusterResolver      : Resolving eureka endpoints via configuration
2023-02-22 10:49:58.687  INFO 68604 --- [AsyncResolver-bootstrap-executor-0] c.n.d.s.r.aws.ConfigClusterResolver      : Resolving eureka endpoints via configuration
2023-02-22 10:54:58.717  INFO 68604 --- [AsyncResolver-bootstrap-executor-0] c.n.d.s.r.aws.ConfigClusterResolver      : Resolving eureka endpoints via configuration
2023-02-22 10:59:58.718  INFO 68604 --- [AsyncResolver-bootstrap-executor-0] c.n.d.s.r.aws.ConfigClusterResolver      : Resolving eureka endpoints via configuration
